<?xml version="1.0" encoding="UTF-8"?>
<coverage generated="1650798115904" clover="3.2.0">
  <project timestamp="1650798115904" name="All files">
    <metrics statements="140" coveredstatements="140" conditionals="75" coveredconditionals="73" methods="63" coveredmethods="63" elements="278" coveredelements="276" complexity="0" loc="140" ncloc="140" packages="1" files="1" classes="1"/>
    <file name="utils.js" path="D:\Code\utils\src\utils.js">
      <metrics statements="140" coveredstatements="140" conditionals="75" coveredconditionals="73" methods="63" coveredmethods="63"/>
      <line num="3" count="11" type="stmt"/>
      <line num="4" count="3076" type="cond" truecount="2" falsecount="0"/>
      <line num="7" count="11" type="stmt"/>
      <line num="8" count="365" type="stmt"/>
      <line num="11" count="11" type="stmt"/>
      <line num="12" count="11160" type="stmt"/>
      <line num="15" count="11" type="stmt"/>
      <line num="16" count="591" type="cond" truecount="4" falsecount="0"/>
      <line num="22" count="11" type="stmt"/>
      <line num="23" count="1197" type="cond" truecount="2" falsecount="0"/>
      <line num="28" count="11" type="stmt"/>
      <line num="29" count="1251" type="cond" truecount="2" falsecount="0"/>
      <line num="30" count="1114" type="stmt"/>
      <line num="33" count="137" type="stmt"/>
      <line num="34" count="137" type="stmt"/>
      <line num="35" count="129" type="stmt"/>
      <line num="37" count="137" type="stmt"/>
      <line num="40" count="11" type="stmt"/>
      <line num="41" count="1242" type="stmt"/>
      <line num="44" count="11" type="stmt"/>
      <line num="45" count="2566" type="cond" truecount="2" falsecount="0"/>
      <line num="46" count="2563" type="stmt"/>
      <line num="49" count="3" type="cond" truecount="2" falsecount="0"/>
      <line num="50" count="1" type="stmt"/>
      <line num="51" count="3" type="stmt"/>
      <line num="55" count="2" type="stmt"/>
      <line num="58" count="11" type="stmt"/>
      <line num="59" count="7" type="cond" truecount="2" falsecount="0"/>
      <line num="60" count="3" type="stmt"/>
      <line num="63" count="4" type="cond" truecount="2" falsecount="0"/>
      <line num="64" count="2" type="stmt"/>
      <line num="65" count="7" type="cond" truecount="2" falsecount="0"/>
      <line num="71" count="2" type="stmt"/>
      <line num="74" count="11" type="stmt"/>
      <line num="75" count="4" type="stmt"/>
      <line num="76" count="4" type="stmt"/>
      <line num="82" count="11" type="stmt"/>
      <line num="83" count="1233" type="cond" truecount="2" falsecount="0"/>
      <line num="84" count="108" type="cond" truecount="2" falsecount="0"/>
      <line num="85" count="63" type="stmt"/>
      <line num="88" count="11" type="stmt"/>
      <line num="89" count="13" type="stmt"/>
      <line num="90" count="13" type="stmt"/>
      <line num="92" count="5" type="cond" truecount="2" falsecount="0"/>
      <line num="98" count="11" type="cond" truecount="1" falsecount="0"/>
      <line num="99" count="10" type="cond" truecount="2" falsecount="0"/>
      <line num="100" count="9" type="stmt"/>
      <line num="104" count="11" type="stmt"/>
      <line num="105" count="7" type="stmt"/>
      <line num="108" count="11" type="stmt"/>
      <line num="109" count="7" type="stmt"/>
      <line num="112" count="11" type="stmt"/>
      <line num="113" count="1172" type="stmt"/>
      <line num="116" count="11" type="stmt"/>
      <line num="117" count="1" type="stmt"/>
      <line num="122" count="11" type="stmt"/>
      <line num="123" count="2560" type="cond" truecount="2" falsecount="0"/>
      <line num="125" count="2559" type="cond" truecount="2" falsecount="0"/>
      <line num="126" count="1293" type="cond" truecount="2" falsecount="0"/>
      <line num="127" count="1292" type="cond" truecount="2" falsecount="0"/>
      <line num="128" count="1291" type="stmt"/>
      <line num="132" count="11" type="stmt"/>
      <line num="133" count="2466" type="cond" truecount="2" falsecount="0"/>
      <line num="135" count="2460" type="stmt"/>
      <line num="137" count="2460" type="cond" truecount="2" falsecount="0"/>
      <line num="138" count="1228" type="stmt"/>
      <line num="141" count="1232" type="stmt"/>
      <line num="143" count="1232" type="stmt"/>
      <line num="146" count="11" type="stmt"/>
      <line num="147" count="100" type="stmt"/>
      <line num="148" count="100" type="cond" truecount="2" falsecount="0"/>
      <line num="149" count="48" type="cond" truecount="2" falsecount="0"/>
      <line num="152" count="52" type="stmt"/>
      <line num="153" count="52" type="stmt"/>
      <line num="154" count="52" type="stmt"/>
      <line num="162" count="11" type="stmt"/>
      <line num="163" count="1182" type="stmt"/>
      <line num="164" count="449" type="stmt"/>
      <line num="168" count="11" type="stmt"/>
      <line num="169" count="3" type="stmt"/>
      <line num="170" count="4" type="stmt"/>
      <line num="174" count="11" type="stmt"/>
      <line num="175" count="1184" type="cond" truecount="2" falsecount="0"/>
      <line num="180" count="11" type="stmt"/>
      <line num="181" count="12" type="stmt"/>
      <line num="182" count="31" type="stmt"/>
      <line num="186" count="11" type="stmt"/>
      <line num="187" count="621" type="cond" truecount="2" falsecount="0"/>
      <line num="188" count="619" type="stmt"/>
      <line num="191" count="2" type="stmt"/>
      <line num="193" count="2" type="stmt"/>
      <line num="194" count="10" type="stmt"/>
      <line num="197" count="7" type="stmt"/>
      <line num="203" count="11" type="stmt"/>
      <line num="204" count="4" type="stmt"/>
      <line num="207" count="11" type="stmt"/>
      <line num="208" count="491" type="stmt"/>
      <line num="211" count="11" type="stmt"/>
      <line num="212" count="5" type="stmt"/>
      <line num="213" count="5" type="stmt"/>
      <line num="217" count="11" type="stmt"/>
      <line num="218" count="12" type="stmt"/>
      <line num="219" count="12" type="stmt"/>
      <line num="220" count="12" type="stmt"/>
      <line num="224" count="11" type="stmt"/>
      <line num="225" count="13" type="stmt"/>
      <line num="226" count="29" type="stmt"/>
      <line num="232" count="11" type="stmt"/>
      <line num="233" count="8" type="stmt"/>
      <line num="235" count="8" type="cond" truecount="2" falsecount="0"/>
      <line num="236" count="1" type="stmt"/>
      <line num="238" count="1" type="stmt"/>
      <line num="241" count="7" type="stmt"/>
      <line num="242" count="17" type="stmt"/>
      <line num="248" count="11" type="stmt"/>
      <line num="249" count="4" type="cond" truecount="2" falsecount="0"/>
      <line num="251" count="3" type="stmt"/>
      <line num="253" count="3" type="cond" truecount="2" falsecount="0"/>
      <line num="255" count="1" type="stmt"/>
      <line num="258" count="11" type="stmt"/>
      <line num="259" count="618" type="stmt"/>
      <line num="260" count="1200" type="cond" truecount="1" falsecount="1"/>
      <line num="261" count="1200" type="cond" truecount="2" falsecount="0"/>
      <line num="262" count="1191" type="cond" truecount="2" falsecount="0"/>
      <line num="264" count="1185" type="cond" truecount="4" falsecount="0"/>
      <line num="266" count="351" type="cond" truecount="4" falsecount="0"/>
      <line num="267" count="284" type="cond" truecount="2" falsecount="0"/>
      <line num="268" count="278" type="cond" truecount="2" falsecount="0"/>
      <line num="269" count="276" type="cond" truecount="1" falsecount="1"/>
      <line num="272" count="618" type="stmt"/>
      <line num="273" count="600" type="stmt"/>
      <line num="279" count="11" type="stmt"/>
      <line num="280" count="171" type="stmt"/>
      <line num="283" count="11" type="stmt"/>
      <line num="284" count="3" type="stmt"/>
      <line num="287" count="11" type="stmt"/>
      <line num="288" count="35" type="stmt"/>
      <line num="291" count="11" type="stmt"/>
      <line num="292" count="13" type="stmt"/>
      <line num="295" count="11" type="stmt"/>
    </file>
  </project>
</coverage>
