{"D:\\Code\\utils\\src\\utils.js": {"path":"D:\\Code\\utils\\src\\utils.js","statementMap":{"0":{"start":{"line":3,"column":12},"end":{"line":5,"column":1}},"1":{"start":{"line":4,"column":2},"end":{"line":4,"column":45}},"2":{"start":{"line":7,"column":17},"end":{"line":9,"column":1}},"3":{"start":{"line":8,"column":2},"end":{"line":8,"column":36}},"4":{"start":{"line":11,"column":14},"end":{"line":13,"column":1}},"5":{"start":{"line":12,"column":2},"end":{"line":12,"column":31}},"6":{"start":{"line":15,"column":15},"end":{"line":20,"column":1}},"7":{"start":{"line":16,"column":2},"end":{"line":19,"column":33}},"8":{"start":{"line":22,"column":17},"end":{"line":24,"column":1}},"9":{"start":{"line":23,"column":2},"end":{"line":23,"column":41}},"10":{"start":{"line":28,"column":13},"end":{"line":38,"column":1}},"11":{"start":{"line":29,"column":2},"end":{"line":31,"column":3}},"12":{"start":{"line":30,"column":4},"end":{"line":30,"column":40}},"13":{"start":{"line":33,"column":15},"end":{"line":33,"column":27}},"14":{"start":{"line":34,"column":2},"end":{"line":36,"column":3}},"15":{"start":{"line":35,"column":4},"end":{"line":35,"column":46}},"16":{"start":{"line":37,"column":2},"end":{"line":37,"column":16}},"17":{"start":{"line":40,"column":16},"end":{"line":42,"column":1}},"18":{"start":{"line":41,"column":2},"end":{"line":41,"column":40}},"19":{"start":{"line":44,"column":10},"end":{"line":56,"column":1}},"20":{"start":{"line":45,"column":2},"end":{"line":47,"column":3}},"21":{"start":{"line":46,"column":4},"end":{"line":46,"column":24}},"22":{"start":{"line":49,"column":2},"end":{"line":53,"column":3}},"23":{"start":{"line":50,"column":4},"end":{"line":52,"column":7}},"24":{"start":{"line":51,"column":6},"end":{"line":51,"column":52}},"25":{"start":{"line":55,"column":2},"end":{"line":55,"column":14}},"26":{"start":{"line":58,"column":13},"end":{"line":72,"column":1}},"27":{"start":{"line":59,"column":2},"end":{"line":61,"column":3}},"28":{"start":{"line":60,"column":4},"end":{"line":60,"column":27}},"29":{"start":{"line":63,"column":2},"end":{"line":69,"column":3}},"30":{"start":{"line":64,"column":4},"end":{"line":68,"column":7}},"31":{"start":{"line":65,"column":6},"end":{"line":67,"column":17}},"32":{"start":{"line":71,"column":2},"end":{"line":71,"column":14}},"33":{"start":{"line":74,"column":11},"end":{"line":78,"column":1}},"34":{"start":{"line":75,"column":2},"end":{"line":77,"column":5}},"35":{"start":{"line":76,"column":4},"end":{"line":76,"column":25}},"36":{"start":{"line":82,"column":11},"end":{"line":86,"column":1}},"37":{"start":{"line":83,"column":2},"end":{"line":83,"column":43}},"38":{"start":{"line":83,"column":22},"end":{"line":83,"column":43}},"39":{"start":{"line":84,"column":2},"end":{"line":84,"column":53}},"40":{"start":{"line":84,"column":22},"end":{"line":84,"column":53}},"41":{"start":{"line":85,"column":2},"end":{"line":85,"column":14}},"42":{"start":{"line":88,"column":15},"end":{"line":96,"column":1}},"43":{"start":{"line":89,"column":2},"end":{"line":95,"column":3}},"44":{"start":{"line":90,"column":4},"end":{"line":90,"column":19}},"45":{"start":{"line":92,"column":4},"end":{"line":94,"column":16}},"46":{"start":{"line":98,"column":16},"end":{"line":102,"column":1}},"47":{"start":{"line":99,"column":2},"end":{"line":101,"column":10}},"48":{"start":{"line":100,"column":21},"end":{"line":100,"column":36}},"49":{"start":{"line":104,"column":13},"end":{"line":106,"column":1}},"50":{"start":{"line":105,"column":2},"end":{"line":105,"column":30}},"51":{"start":{"line":108,"column":12},"end":{"line":110,"column":1}},"52":{"start":{"line":109,"column":2},"end":{"line":109,"column":32}},"53":{"start":{"line":112,"column":10},"end":{"line":114,"column":1}},"54":{"start":{"line":113,"column":2},"end":{"line":113,"column":11}},"55":{"start":{"line":113,"column":12},"end":{"line":113,"column":24}},"56":{"start":{"line":116,"column":12},"end":{"line":118,"column":1}},"57":{"start":{"line":117,"column":2},"end":{"line":117,"column":54}},"58":{"start":{"line":117,"column":27},"end":{"line":117,"column":53}},"59":{"start":{"line":122,"column":21},"end":{"line":130,"column":1}},"60":{"start":{"line":123,"column":2},"end":{"line":123,"column":29}},"61":{"start":{"line":123,"column":19},"end":{"line":123,"column":29}},"62":{"start":{"line":125,"column":2},"end":{"line":129,"column":5}},"63":{"start":{"line":126,"column":4},"end":{"line":126,"column":42}},"64":{"start":{"line":126,"column":28},"end":{"line":126,"column":42}},"65":{"start":{"line":127,"column":4},"end":{"line":127,"column":47}},"66":{"start":{"line":127,"column":28},"end":{"line":127,"column":47}},"67":{"start":{"line":128,"column":4},"end":{"line":128,"column":16}},"68":{"start":{"line":132,"column":10},"end":{"line":144,"column":1}},"69":{"start":{"line":133,"column":2},"end":{"line":133,"column":40}},"70":{"start":{"line":133,"column":19},"end":{"line":133,"column":40}},"71":{"start":{"line":135,"column":2},"end":{"line":135,"column":30}},"72":{"start":{"line":137,"column":2},"end":{"line":139,"column":3}},"73":{"start":{"line":138,"column":4},"end":{"line":138,"column":16}},"74":{"start":{"line":141,"column":24},"end":{"line":141,"column":28}},"75":{"start":{"line":143,"column":2},"end":{"line":143,"column":46}},"76":{"start":{"line":146,"column":10},"end":{"line":158,"column":1}},"77":{"start":{"line":147,"column":2},"end":{"line":157,"column":5}},"78":{"start":{"line":148,"column":4},"end":{"line":150,"column":5}},"79":{"start":{"line":149,"column":6},"end":{"line":149,"column":62}},"80":{"start":{"line":152,"column":4},"end":{"line":156,"column":7}},"81":{"start":{"line":153,"column":6},"end":{"line":155,"column":9}},"82":{"start":{"line":154,"column":8},"end":{"line":154,"column":53}},"83":{"start":{"line":162,"column":11},"end":{"line":166,"column":1}},"84":{"start":{"line":163,"column":2},"end":{"line":165,"column":5}},"85":{"start":{"line":164,"column":4},"end":{"line":164,"column":31}},"86":{"start":{"line":168,"column":13},"end":{"line":172,"column":1}},"87":{"start":{"line":169,"column":2},"end":{"line":171,"column":5}},"88":{"start":{"line":170,"column":4},"end":{"line":170,"column":33}},"89":{"start":{"line":174,"column":11},"end":{"line":178,"column":1}},"90":{"start":{"line":175,"column":2},"end":{"line":177,"column":16}},"91":{"start":{"line":180,"column":14},"end":{"line":184,"column":1}},"92":{"start":{"line":181,"column":2},"end":{"line":183,"column":5}},"93":{"start":{"line":182,"column":4},"end":{"line":182,"column":43}},"94":{"start":{"line":186,"column":11},"end":{"line":199,"column":1}},"95":{"start":{"line":187,"column":2},"end":{"line":189,"column":3}},"96":{"start":{"line":188,"column":4},"end":{"line":188,"column":50}},"97":{"start":{"line":188,"column":35},"end":{"line":188,"column":48}},"98":{"start":{"line":191,"column":2},"end":{"line":198,"column":5}},"99":{"start":{"line":193,"column":15},"end":{"line":195,"column":6}},"100":{"start":{"line":194,"column":6},"end":{"line":194,"column":31}},"101":{"start":{"line":197,"column":4},"end":{"line":197,"column":33}},"102":{"start":{"line":203,"column":16},"end":{"line":205,"column":1}},"103":{"start":{"line":204,"column":2},"end":{"line":204,"column":66}},"104":{"start":{"line":204,"column":41},"end":{"line":204,"column":64}},"105":{"start":{"line":207,"column":15},"end":{"line":209,"column":1}},"106":{"start":{"line":208,"column":2},"end":{"line":208,"column":63}},"107":{"start":{"line":208,"column":41},"end":{"line":208,"column":61}},"108":{"start":{"line":211,"column":15},"end":{"line":215,"column":1}},"109":{"start":{"line":212,"column":2},"end":{"line":214,"column":5}},"110":{"start":{"line":213,"column":4},"end":{"line":213,"column":25}},"111":{"start":{"line":217,"column":14},"end":{"line":222,"column":1}},"112":{"start":{"line":218,"column":2},"end":{"line":221,"column":5}},"113":{"start":{"line":219,"column":15},"end":{"line":219,"column":25}},"114":{"start":{"line":220,"column":4},"end":{"line":220,"column":24}},"115":{"start":{"line":224,"column":13},"end":{"line":228,"column":1}},"116":{"start":{"line":225,"column":2},"end":{"line":227,"column":4}},"117":{"start":{"line":226,"column":4},"end":{"line":226,"column":34}},"118":{"start":{"line":232,"column":12},"end":{"line":244,"column":1}},"119":{"start":{"line":233,"column":22},"end":{"line":233,"column":36}},"120":{"start":{"line":235,"column":2},"end":{"line":239,"column":3}},"121":{"start":{"line":236,"column":33},"end":{"line":236,"column":50}},"122":{"start":{"line":238,"column":4},"end":{"line":238,"column":55}},"123":{"start":{"line":241,"column":2},"end":{"line":243,"column":5}},"124":{"start":{"line":242,"column":4},"end":{"line":242,"column":40}},"125":{"start":{"line":248,"column":11},"end":{"line":256,"column":1}},"126":{"start":{"line":249,"column":2},"end":{"line":249,"column":42}},"127":{"start":{"line":249,"column":25},"end":{"line":249,"column":42}},"128":{"start":{"line":251,"column":46},"end":{"line":251,"column":55}},"129":{"start":{"line":253,"column":2},"end":{"line":253,"column":30}},"130":{"start":{"line":253,"column":17},"end":{"line":253,"column":30}},"131":{"start":{"line":255,"column":2},"end":{"line":255,"column":33}},"132":{"start":{"line":258,"column":9},"end":{"line":275,"column":1}},"133":{"start":{"line":259,"column":13},"end":{"line":270,"column":3}},"134":{"start":{"line":260,"column":4},"end":{"line":260,"column":38}},"135":{"start":{"line":260,"column":29},"end":{"line":260,"column":38}},"136":{"start":{"line":261,"column":4},"end":{"line":261,"column":38}},"137":{"start":{"line":261,"column":29},"end":{"line":261,"column":38}},"138":{"start":{"line":262,"column":4},"end":{"line":262,"column":38}},"139":{"start":{"line":262,"column":29},"end":{"line":262,"column":38}},"140":{"start":{"line":264,"column":4},"end":{"line":264,"column":55}},"141":{"start":{"line":264,"column":46},"end":{"line":264,"column":55}},"142":{"start":{"line":266,"column":4},"end":{"line":266,"column":55}},"143":{"start":{"line":266,"column":46},"end":{"line":266,"column":55}},"144":{"start":{"line":267,"column":4},"end":{"line":267,"column":38}},"145":{"start":{"line":267,"column":29},"end":{"line":267,"column":38}},"146":{"start":{"line":268,"column":4},"end":{"line":268,"column":38}},"147":{"start":{"line":268,"column":29},"end":{"line":268,"column":38}},"148":{"start":{"line":269,"column":4},"end":{"line":269,"column":38}},"149":{"start":{"line":269,"column":29},"end":{"line":269,"column":38}},"150":{"start":{"line":272,"column":2},"end":{"line":274,"column":8}},"151":{"start":{"line":273,"column":4},"end":{"line":273,"column":31}},"152":{"start":{"line":279,"column":12},"end":{"line":281,"column":1}},"153":{"start":{"line":280,"column":11},"end":{"line":280,"column":23}},"154":{"start":{"line":280,"column":25},"end":{"line":280,"column":45}},"155":{"start":{"line":283,"column":11},"end":{"line":285,"column":1}},"156":{"start":{"line":284,"column":2},"end":{"line":284,"column":31}},"157":{"start":{"line":287,"column":12},"end":{"line":289,"column":1}},"158":{"start":{"line":288,"column":2},"end":{"line":288,"column":37}},"159":{"start":{"line":288,"column":19},"end":{"line":288,"column":36}},"160":{"start":{"line":291,"column":11},"end":{"line":293,"column":1}},"161":{"start":{"line":292,"column":2},"end":{"line":292,"column":54}},"162":{"start":{"line":292,"column":44},"end":{"line":292,"column":52}},"163":{"start":{"line":295,"column":0},"end":{"line":349,"column":1}}},"fnMap":{"0":{"name":"(anonymous_0)","decl":{"start":{"line":3,"column":12},"end":{"line":3,"column":13}},"loc":{"start":{"line":3,"column":22},"end":{"line":5,"column":1}},"line":3},"1":{"name":"(anonymous_1)","decl":{"start":{"line":7,"column":17},"end":{"line":7,"column":18}},"loc":{"start":{"line":7,"column":27},"end":{"line":9,"column":1}},"line":7},"2":{"name":"(anonymous_2)","decl":{"start":{"line":11,"column":14},"end":{"line":11,"column":15}},"loc":{"start":{"line":11,"column":24},"end":{"line":13,"column":1}},"line":11},"3":{"name":"(anonymous_3)","decl":{"start":{"line":15,"column":15},"end":{"line":15,"column":16}},"loc":{"start":{"line":15,"column":25},"end":{"line":20,"column":1}},"line":15},"4":{"name":"(anonymous_4)","decl":{"start":{"line":22,"column":17},"end":{"line":22,"column":18}},"loc":{"start":{"line":22,"column":27},"end":{"line":24,"column":1}},"line":22},"5":{"name":"(anonymous_5)","decl":{"start":{"line":28,"column":13},"end":{"line":28,"column":14}},"loc":{"start":{"line":28,"column":41},"end":{"line":38,"column":1}},"line":28},"6":{"name":"(anonymous_6)","decl":{"start":{"line":40,"column":16},"end":{"line":40,"column":17}},"loc":{"start":{"line":40,"column":44},"end":{"line":42,"column":1}},"line":40},"7":{"name":"(anonymous_7)","decl":{"start":{"line":44,"column":10},"end":{"line":44,"column":11}},"loc":{"start":{"line":44,"column":24},"end":{"line":56,"column":1}},"line":44},"8":{"name":"(anonymous_8)","decl":{"start":{"line":50,"column":31},"end":{"line":50,"column":32}},"loc":{"start":{"line":50,"column":55},"end":{"line":52,"column":5}},"line":50},"9":{"name":"(anonymous_9)","decl":{"start":{"line":58,"column":13},"end":{"line":58,"column":14}},"loc":{"start":{"line":58,"column":27},"end":{"line":72,"column":1}},"line":58},"10":{"name":"(anonymous_10)","decl":{"start":{"line":64,"column":31},"end":{"line":64,"column":32}},"loc":{"start":{"line":64,"column":55},"end":{"line":68,"column":5}},"line":64},"11":{"name":"(anonymous_11)","decl":{"start":{"line":74,"column":11},"end":{"line":74,"column":12}},"loc":{"start":{"line":74,"column":31},"end":{"line":78,"column":1}},"line":74},"12":{"name":"(anonymous_12)","decl":{"start":{"line":75,"column":22},"end":{"line":75,"column":23}},"loc":{"start":{"line":75,"column":41},"end":{"line":77,"column":3}},"line":75},"13":{"name":"(anonymous_13)","decl":{"start":{"line":82,"column":11},"end":{"line":82,"column":12}},"loc":{"start":{"line":82,"column":21},"end":{"line":86,"column":1}},"line":82},"14":{"name":"(anonymous_14)","decl":{"start":{"line":88,"column":15},"end":{"line":88,"column":16}},"loc":{"start":{"line":88,"column":35},"end":{"line":96,"column":1}},"line":88},"15":{"name":"(anonymous_15)","decl":{"start":{"line":98,"column":16},"end":{"line":98,"column":17}},"loc":{"start":{"line":98,"column":44},"end":{"line":102,"column":1}},"line":98},"16":{"name":"(anonymous_16)","decl":{"start":{"line":100,"column":15},"end":{"line":100,"column":16}},"loc":{"start":{"line":100,"column":21},"end":{"line":100,"column":36}},"line":100},"17":{"name":"(anonymous_17)","decl":{"start":{"line":104,"column":13},"end":{"line":104,"column":14}},"loc":{"start":{"line":104,"column":23},"end":{"line":106,"column":1}},"line":104},"18":{"name":"(anonymous_18)","decl":{"start":{"line":108,"column":12},"end":{"line":108,"column":13}},"loc":{"start":{"line":108,"column":22},"end":{"line":110,"column":1}},"line":108},"19":{"name":"(anonymous_19)","decl":{"start":{"line":112,"column":10},"end":{"line":112,"column":11}},"loc":{"start":{"line":112,"column":24},"end":{"line":114,"column":1}},"line":112},"20":{"name":"(anonymous_20)","decl":{"start":{"line":116,"column":12},"end":{"line":116,"column":13}},"loc":{"start":{"line":116,"column":31},"end":{"line":118,"column":1}},"line":116},"21":{"name":"(anonymous_21)","decl":{"start":{"line":117,"column":19},"end":{"line":117,"column":20}},"loc":{"start":{"line":117,"column":27},"end":{"line":117,"column":53}},"line":117},"22":{"name":"(anonymous_22)","decl":{"start":{"line":122,"column":21},"end":{"line":122,"column":22}},"loc":{"start":{"line":122,"column":31},"end":{"line":130,"column":1}},"line":122},"23":{"name":"(anonymous_23)","decl":{"start":{"line":125,"column":46},"end":{"line":125,"column":47}},"loc":{"start":{"line":125,"column":54},"end":{"line":129,"column":3}},"line":125},"24":{"name":"(anonymous_24)","decl":{"start":{"line":132,"column":10},"end":{"line":132,"column":11}},"loc":{"start":{"line":132,"column":41},"end":{"line":144,"column":1}},"line":132},"25":{"name":"(anonymous_25)","decl":{"start":{"line":146,"column":10},"end":{"line":146,"column":11}},"loc":{"start":{"line":146,"column":36},"end":{"line":158,"column":1}},"line":146},"26":{"name":"(anonymous_26)","decl":{"start":{"line":147,"column":49},"end":{"line":147,"column":50}},"loc":{"start":{"line":147,"column":65},"end":{"line":157,"column":3}},"line":147},"27":{"name":"(anonymous_27)","decl":{"start":{"line":152,"column":29},"end":{"line":152,"column":30}},"loc":{"start":{"line":152,"column":37},"end":{"line":156,"column":5}},"line":152},"28":{"name":"(anonymous_28)","decl":{"start":{"line":153,"column":25},"end":{"line":153,"column":26}},"loc":{"start":{"line":153,"column":46},"end":{"line":155,"column":7}},"line":153},"29":{"name":"(anonymous_29)","decl":{"start":{"line":162,"column":11},"end":{"line":162,"column":12}},"loc":{"start":{"line":162,"column":21},"end":{"line":166,"column":1}},"line":162},"30":{"name":"(anonymous_30)","decl":{"start":{"line":163,"column":29},"end":{"line":163,"column":30}},"loc":{"start":{"line":163,"column":47},"end":{"line":165,"column":3}},"line":163},"31":{"name":"(anonymous_31)","decl":{"start":{"line":168,"column":13},"end":{"line":168,"column":14}},"loc":{"start":{"line":168,"column":23},"end":{"line":172,"column":1}},"line":168},"32":{"name":"(anonymous_32)","decl":{"start":{"line":169,"column":29},"end":{"line":169,"column":30}},"loc":{"start":{"line":169,"column":46},"end":{"line":171,"column":3}},"line":169},"33":{"name":"(anonymous_33)","decl":{"start":{"line":174,"column":11},"end":{"line":174,"column":12}},"loc":{"start":{"line":174,"column":21},"end":{"line":178,"column":1}},"line":174},"34":{"name":"(anonymous_34)","decl":{"start":{"line":180,"column":14},"end":{"line":180,"column":15}},"loc":{"start":{"line":180,"column":24},"end":{"line":184,"column":1}},"line":180},"35":{"name":"(anonymous_35)","decl":{"start":{"line":181,"column":29},"end":{"line":181,"column":30}},"loc":{"start":{"line":181,"column":54},"end":{"line":183,"column":3}},"line":181},"36":{"name":"(anonymous_36)","decl":{"start":{"line":186,"column":11},"end":{"line":186,"column":12}},"loc":{"start":{"line":186,"column":25},"end":{"line":199,"column":1}},"line":186},"37":{"name":"(anonymous_37)","decl":{"start":{"line":188,"column":27},"end":{"line":188,"column":28}},"loc":{"start":{"line":188,"column":35},"end":{"line":188,"column":48}},"line":188},"38":{"name":"(anonymous_38)","decl":{"start":{"line":193,"column":4},"end":{"line":193,"column":5}},"loc":{"start":{"line":193,"column":15},"end":{"line":195,"column":6}},"line":193},"39":{"name":"(anonymous_39)","decl":{"start":{"line":193,"column":28},"end":{"line":193,"column":29}},"loc":{"start":{"line":193,"column":52},"end":{"line":195,"column":5}},"line":193},"40":{"name":"(anonymous_40)","decl":{"start":{"line":196,"column":5},"end":{"line":196,"column":6}},"loc":{"start":{"line":196,"column":29},"end":{"line":198,"column":3}},"line":196},"41":{"name":"(anonymous_41)","decl":{"start":{"line":203,"column":16},"end":{"line":203,"column":17}},"loc":{"start":{"line":203,"column":37},"end":{"line":205,"column":1}},"line":203},"42":{"name":"(anonymous_42)","decl":{"start":{"line":204,"column":33},"end":{"line":204,"column":34}},"loc":{"start":{"line":204,"column":41},"end":{"line":204,"column":64}},"line":204},"43":{"name":"(anonymous_43)","decl":{"start":{"line":207,"column":15},"end":{"line":207,"column":16}},"loc":{"start":{"line":207,"column":36},"end":{"line":209,"column":1}},"line":207},"44":{"name":"(anonymous_44)","decl":{"start":{"line":208,"column":33},"end":{"line":208,"column":34}},"loc":{"start":{"line":208,"column":41},"end":{"line":208,"column":61}},"line":208},"45":{"name":"(anonymous_45)","decl":{"start":{"line":211,"column":15},"end":{"line":211,"column":16}},"loc":{"start":{"line":211,"column":25},"end":{"line":215,"column":1}},"line":211},"46":{"name":"(anonymous_46)","decl":{"start":{"line":212,"column":29},"end":{"line":212,"column":30}},"loc":{"start":{"line":212,"column":51},"end":{"line":214,"column":3}},"line":212},"47":{"name":"(anonymous_47)","decl":{"start":{"line":217,"column":14},"end":{"line":217,"column":15}},"loc":{"start":{"line":217,"column":24},"end":{"line":222,"column":1}},"line":217},"48":{"name":"(anonymous_48)","decl":{"start":{"line":218,"column":35},"end":{"line":218,"column":36}},"loc":{"start":{"line":218,"column":45},"end":{"line":221,"column":3}},"line":218},"49":{"name":"(anonymous_49)","decl":{"start":{"line":224,"column":13},"end":{"line":224,"column":14}},"loc":{"start":{"line":224,"column":27},"end":{"line":228,"column":1}},"line":224},"50":{"name":"(anonymous_50)","decl":{"start":{"line":225,"column":30},"end":{"line":225,"column":31}},"loc":{"start":{"line":225,"column":43},"end":{"line":227,"column":3}},"line":225},"51":{"name":"(anonymous_51)","decl":{"start":{"line":232,"column":12},"end":{"line":232,"column":13}},"loc":{"start":{"line":232,"column":26},"end":{"line":244,"column":1}},"line":232},"52":{"name":"(anonymous_52)","decl":{"start":{"line":241,"column":30},"end":{"line":241,"column":31}},"loc":{"start":{"line":241,"column":49},"end":{"line":243,"column":3}},"line":241},"53":{"name":"(anonymous_53)","decl":{"start":{"line":248,"column":11},"end":{"line":248,"column":12}},"loc":{"start":{"line":248,"column":29},"end":{"line":256,"column":1}},"line":248},"54":{"name":"(anonymous_54)","decl":{"start":{"line":258,"column":9},"end":{"line":258,"column":10}},"loc":{"start":{"line":258,"column":24},"end":{"line":275,"column":1}},"line":258},"55":{"name":"(anonymous_55)","decl":{"start":{"line":259,"column":13},"end":{"line":259,"column":14}},"loc":{"start":{"line":259,"column":24},"end":{"line":270,"column":3}},"line":259},"56":{"name":"(anonymous_56)","decl":{"start":{"line":272,"column":22},"end":{"line":272,"column":23}},"loc":{"start":{"line":272,"column":34},"end":{"line":274,"column":3}},"line":272},"57":{"name":"(anonymous_57)","decl":{"start":{"line":279,"column":12},"end":{"line":279,"column":13}},"loc":{"start":{"line":279,"column":27},"end":{"line":281,"column":1}},"line":279},"58":{"name":"(anonymous_58)","decl":{"start":{"line":283,"column":11},"end":{"line":283,"column":12}},"loc":{"start":{"line":283,"column":38},"end":{"line":285,"column":1}},"line":283},"59":{"name":"(anonymous_59)","decl":{"start":{"line":287,"column":12},"end":{"line":287,"column":13}},"loc":{"start":{"line":287,"column":29},"end":{"line":289,"column":1}},"line":287},"60":{"name":"(anonymous_60)","decl":{"start":{"line":288,"column":9},"end":{"line":288,"column":10}},"loc":{"start":{"line":288,"column":19},"end":{"line":288,"column":36}},"line":288},"61":{"name":"(anonymous_61)","decl":{"start":{"line":291,"column":11},"end":{"line":291,"column":12}},"loc":{"start":{"line":291,"column":26},"end":{"line":293,"column":1}},"line":291},"62":{"name":"(anonymous_62)","decl":{"start":{"line":292,"column":30},"end":{"line":292,"column":31}},"loc":{"start":{"line":292,"column":44},"end":{"line":292,"column":52}},"line":292}},"branchMap":{"0":{"loc":{"start":{"line":4,"column":9},"end":{"line":4,"column":44}},"type":"binary-expr","locations":[{"start":{"line":4,"column":9},"end":{"line":4,"column":27}},{"start":{"line":4,"column":31},"end":{"line":4,"column":44}}],"line":4},"1":{"loc":{"start":{"line":16,"column":9},"end":{"line":19,"column":33}},"type":"binary-expr","locations":[{"start":{"line":16,"column":9},"end":{"line":16,"column":22}},{"start":{"line":17,"column":9},"end":{"line":17,"column":24}},{"start":{"line":18,"column":9},"end":{"line":18,"column":27}},{"start":{"line":19,"column":9},"end":{"line":19,"column":33}}],"line":16},"2":{"loc":{"start":{"line":23,"column":9},"end":{"line":23,"column":40}},"type":"binary-expr","locations":[{"start":{"line":23,"column":9},"end":{"line":23,"column":22}},{"start":{"line":23,"column":26},"end":{"line":23,"column":40}}],"line":23},"3":{"loc":{"start":{"line":29,"column":2},"end":{"line":31,"column":3}},"type":"if","locations":[{"start":{"line":29,"column":2},"end":{"line":31,"column":3}},{"start":{},"end":{}}],"line":29},"4":{"loc":{"start":{"line":45,"column":2},"end":{"line":47,"column":3}},"type":"if","locations":[{"start":{"line":45,"column":2},"end":{"line":47,"column":3}},{"start":{},"end":{}}],"line":45},"5":{"loc":{"start":{"line":49,"column":2},"end":{"line":53,"column":3}},"type":"if","locations":[{"start":{"line":49,"column":2},"end":{"line":53,"column":3}},{"start":{},"end":{}}],"line":49},"6":{"loc":{"start":{"line":59,"column":2},"end":{"line":61,"column":3}},"type":"if","locations":[{"start":{"line":59,"column":2},"end":{"line":61,"column":3}},{"start":{},"end":{}}],"line":59},"7":{"loc":{"start":{"line":63,"column":2},"end":{"line":69,"column":3}},"type":"if","locations":[{"start":{"line":63,"column":2},"end":{"line":69,"column":3}},{"start":{},"end":{}}],"line":63},"8":{"loc":{"start":{"line":65,"column":13},"end":{"line":67,"column":16}},"type":"cond-expr","locations":[{"start":{"line":66,"column":10},"end":{"line":66,"column":33}},{"start":{"line":67,"column":10},"end":{"line":67,"column":16}}],"line":65},"9":{"loc":{"start":{"line":83,"column":2},"end":{"line":83,"column":43}},"type":"if","locations":[{"start":{"line":83,"column":2},"end":{"line":83,"column":43}},{"start":{},"end":{}}],"line":83},"10":{"loc":{"start":{"line":84,"column":2},"end":{"line":84,"column":53}},"type":"if","locations":[{"start":{"line":84,"column":2},"end":{"line":84,"column":53}},{"start":{},"end":{}}],"line":84},"11":{"loc":{"start":{"line":92,"column":11},"end":{"line":94,"column":15}},"type":"cond-expr","locations":[{"start":{"line":93,"column":8},"end":{"line":93,"column":20}},{"start":{"line":94,"column":8},"end":{"line":94,"column":15}}],"line":92},"12":{"loc":{"start":{"line":98,"column":22},"end":{"line":98,"column":39}},"type":"default-arg","locations":[{"start":{"line":98,"column":37},"end":{"line":98,"column":39}}],"line":98},"13":{"loc":{"start":{"line":99,"column":9},"end":{"line":101,"column":9}},"type":"cond-expr","locations":[{"start":{"line":100,"column":6},"end":{"line":100,"column":51}},{"start":{"line":101,"column":6},"end":{"line":101,"column":9}}],"line":99},"14":{"loc":{"start":{"line":123,"column":2},"end":{"line":123,"column":29}},"type":"if","locations":[{"start":{"line":123,"column":2},"end":{"line":123,"column":29}},{"start":{},"end":{}}],"line":123},"15":{"loc":{"start":{"line":125,"column":13},"end":{"line":125,"column":44}},"type":"cond-expr","locations":[{"start":{"line":125,"column":29},"end":{"line":125,"column":33}},{"start":{"line":125,"column":36},"end":{"line":125,"column":44}}],"line":125},"16":{"loc":{"start":{"line":126,"column":4},"end":{"line":126,"column":42}},"type":"if","locations":[{"start":{"line":126,"column":4},"end":{"line":126,"column":42}},{"start":{},"end":{}}],"line":126},"17":{"loc":{"start":{"line":127,"column":4},"end":{"line":127,"column":47}},"type":"if","locations":[{"start":{"line":127,"column":4},"end":{"line":127,"column":47}},{"start":{},"end":{}}],"line":127},"18":{"loc":{"start":{"line":133,"column":2},"end":{"line":133,"column":40}},"type":"if","locations":[{"start":{"line":133,"column":2},"end":{"line":133,"column":40}},{"start":{},"end":{}}],"line":133},"19":{"loc":{"start":{"line":137,"column":2},"end":{"line":139,"column":3}},"type":"if","locations":[{"start":{"line":137,"column":2},"end":{"line":139,"column":3}},{"start":{},"end":{}}],"line":137},"20":{"loc":{"start":{"line":148,"column":4},"end":{"line":150,"column":5}},"type":"if","locations":[{"start":{"line":148,"column":4},"end":{"line":150,"column":5}},{"start":{},"end":{}}],"line":148},"21":{"loc":{"start":{"line":149,"column":13},"end":{"line":149,"column":61}},"type":"cond-expr","locations":[{"start":{"line":149,"column":36},"end":{"line":149,"column":50}},{"start":{"line":149,"column":53},"end":{"line":149,"column":61}}],"line":149},"22":{"loc":{"start":{"line":175,"column":9},"end":{"line":177,"column":15}},"type":"cond-expr","locations":[{"start":{"line":176,"column":6},"end":{"line":176,"column":31}},{"start":{"line":177,"column":6},"end":{"line":177,"column":15}}],"line":175},"23":{"loc":{"start":{"line":187,"column":2},"end":{"line":189,"column":3}},"type":"if","locations":[{"start":{"line":187,"column":2},"end":{"line":189,"column":3}},{"start":{},"end":{}}],"line":187},"24":{"loc":{"start":{"line":235,"column":2},"end":{"line":239,"column":3}},"type":"if","locations":[{"start":{"line":235,"column":2},"end":{"line":239,"column":3}},{"start":{},"end":{}}],"line":235},"25":{"loc":{"start":{"line":249,"column":2},"end":{"line":249,"column":42}},"type":"if","locations":[{"start":{"line":249,"column":2},"end":{"line":249,"column":42}},{"start":{},"end":{}}],"line":249},"26":{"loc":{"start":{"line":253,"column":2},"end":{"line":253,"column":30}},"type":"if","locations":[{"start":{"line":253,"column":2},"end":{"line":253,"column":30}},{"start":{},"end":{}}],"line":253},"27":{"loc":{"start":{"line":260,"column":4},"end":{"line":260,"column":38}},"type":"if","locations":[{"start":{"line":260,"column":4},"end":{"line":260,"column":38}},{"start":{},"end":{}}],"line":260},"28":{"loc":{"start":{"line":261,"column":4},"end":{"line":261,"column":38}},"type":"if","locations":[{"start":{"line":261,"column":4},"end":{"line":261,"column":38}},{"start":{},"end":{}}],"line":261},"29":{"loc":{"start":{"line":262,"column":4},"end":{"line":262,"column":38}},"type":"if","locations":[{"start":{"line":262,"column":4},"end":{"line":262,"column":38}},{"start":{},"end":{}}],"line":262},"30":{"loc":{"start":{"line":264,"column":4},"end":{"line":264,"column":55}},"type":"if","locations":[{"start":{"line":264,"column":4},"end":{"line":264,"column":55}},{"start":{},"end":{}}],"line":264},"31":{"loc":{"start":{"line":264,"column":8},"end":{"line":264,"column":44}},"type":"binary-expr","locations":[{"start":{"line":264,"column":8},"end":{"line":264,"column":23}},{"start":{"line":264,"column":27},"end":{"line":264,"column":44}}],"line":264},"32":{"loc":{"start":{"line":266,"column":4},"end":{"line":266,"column":55}},"type":"if","locations":[{"start":{"line":266,"column":4},"end":{"line":266,"column":55}},{"start":{},"end":{}}],"line":266},"33":{"loc":{"start":{"line":266,"column":8},"end":{"line":266,"column":44}},"type":"binary-expr","locations":[{"start":{"line":266,"column":8},"end":{"line":266,"column":23}},{"start":{"line":266,"column":27},"end":{"line":266,"column":44}}],"line":266},"34":{"loc":{"start":{"line":267,"column":4},"end":{"line":267,"column":38}},"type":"if","locations":[{"start":{"line":267,"column":4},"end":{"line":267,"column":38}},{"start":{},"end":{}}],"line":267},"35":{"loc":{"start":{"line":268,"column":4},"end":{"line":268,"column":38}},"type":"if","locations":[{"start":{"line":268,"column":4},"end":{"line":268,"column":38}},{"start":{},"end":{}}],"line":268},"36":{"loc":{"start":{"line":269,"column":4},"end":{"line":269,"column":38}},"type":"if","locations":[{"start":{"line":269,"column":4},"end":{"line":269,"column":38}},{"start":{},"end":{}}],"line":269}},"s":{"0":11,"1":3076,"2":11,"3":365,"4":11,"5":11160,"6":11,"7":591,"8":11,"9":1197,"10":11,"11":1251,"12":1114,"13":137,"14":137,"15":129,"16":137,"17":11,"18":1242,"19":11,"20":2566,"21":2563,"22":3,"23":1,"24":3,"25":2,"26":11,"27":7,"28":3,"29":4,"30":2,"31":7,"32":2,"33":11,"34":4,"35":4,"36":11,"37":1233,"38":1125,"39":108,"40":45,"41":63,"42":11,"43":13,"44":13,"45":5,"46":11,"47":10,"48":9,"49":11,"50":7,"51":11,"52":7,"53":11,"54":1172,"55":1172,"56":11,"57":1,"58":1,"59":11,"60":2560,"61":1,"62":2559,"63":1293,"64":1,"65":1292,"66":1,"67":1291,"68":11,"69":2466,"70":6,"71":2460,"72":2460,"73":1228,"74":1232,"75":1232,"76":11,"77":100,"78":100,"79":48,"80":52,"81":52,"82":52,"83":11,"84":1182,"85":449,"86":11,"87":3,"88":4,"89":11,"90":1184,"91":11,"92":12,"93":31,"94":11,"95":621,"96":619,"97":619,"98":2,"99":2,"100":10,"101":7,"102":11,"103":4,"104":4,"105":11,"106":491,"107":491,"108":11,"109":5,"110":5,"111":11,"112":12,"113":12,"114":12,"115":11,"116":13,"117":29,"118":11,"119":8,"120":8,"121":1,"122":1,"123":7,"124":17,"125":11,"126":4,"127":1,"128":3,"129":3,"130":2,"131":1,"132":11,"133":618,"134":1200,"135":0,"136":1200,"137":9,"138":1191,"139":6,"140":1185,"141":834,"142":351,"143":67,"144":284,"145":6,"146":278,"147":2,"148":276,"149":276,"150":618,"151":600,"152":11,"153":171,"154":171,"155":11,"156":3,"157":11,"158":24,"159":35,"160":11,"161":5,"162":13,"163":11},"f":{"0":3076,"1":365,"2":11160,"3":591,"4":1197,"5":1251,"6":1242,"7":2566,"8":3,"9":7,"10":7,"11":4,"12":4,"13":1233,"14":13,"15":10,"16":9,"17":7,"18":7,"19":1172,"20":1,"21":1,"22":2560,"23":1293,"24":2466,"25":100,"26":100,"27":52,"28":52,"29":1182,"30":449,"31":3,"32":4,"33":1184,"34":12,"35":31,"36":621,"37":619,"38":2,"39":10,"40":7,"41":4,"42":4,"43":491,"44":491,"45":5,"46":5,"47":12,"48":12,"49":13,"50":29,"51":8,"52":17,"53":4,"54":618,"55":1200,"56":600,"57":171,"58":3,"59":24,"60":35,"61":5,"62":13},"b":{"0":[3076,3021],"1":[591,532,295,293],"2":[1197,120],"3":[1114,137],"4":[2563,3],"5":[1,2],"6":[3,4],"7":[2,2],"8":[5,2],"9":[1125,108],"10":[45,63],"11":[1,4],"12":[9],"13":[9,1],"14":[1,2559],"15":[1296,1263],"16":[1,1292],"17":[1,1291],"18":[6,2460],"19":[1228,1232],"20":[48,52],"21":[22,26],"22":[1179,5],"23":[619,2],"24":[1,7],"25":[1,3],"26":[2,1],"27":[0,1200],"28":[9,1191],"29":[6,1185],"30":[834,351],"31":[1185,1069],"32":[67,284],"33":[351,102],"34":[6,278],"35":[2,276],"36":[276,0]},"_coverageSchema":"1a1c01bbd47fc00a2c39e90264f33305004495a9","hash":"5e3fef658dddd14258e8a7fb9824c039313c3807"}
}
