TN:
SF:src\utils.js
FN:3,(anonymous_0)
FN:7,(anonymous_1)
FN:11,(anonymous_2)
FN:15,(anonymous_3)
FN:22,(anonymous_4)
FN:28,(anonymous_5)
FN:40,(anonymous_6)
FN:44,(anonymous_7)
FN:50,(anonymous_8)
FN:58,(anonymous_9)
FN:64,(anonymous_10)
FN:74,(anonymous_11)
FN:75,(anonymous_12)
FN:82,(anonymous_13)
FN:88,(anonymous_14)
FN:98,(anonymous_15)
FN:100,(anonymous_16)
FN:104,(anonymous_17)
FN:108,(anonymous_18)
FN:112,(anonymous_19)
FN:116,(anonymous_20)
FN:117,(anonymous_21)
FN:122,(anonymous_22)
FN:125,(anonymous_23)
FN:132,(anonymous_24)
FN:146,(anonymous_25)
FN:147,(anonymous_26)
FN:152,(anonymous_27)
FN:153,(anonymous_28)
FN:162,(anonymous_29)
FN:163,(anonymous_30)
FN:168,(anonymous_31)
FN:169,(anonymous_32)
FN:174,(anonymous_33)
FN:180,(anonymous_34)
FN:181,(anonymous_35)
FN:186,(anonymous_36)
FN:188,(anonymous_37)
FN:193,(anonymous_38)
FN:193,(anonymous_39)
FN:196,(anonymous_40)
FN:203,(anonymous_41)
FN:204,(anonymous_42)
FN:207,(anonymous_43)
FN:208,(anonymous_44)
FN:211,(anonymous_45)
FN:212,(anonymous_46)
FN:217,(anonymous_47)
FN:218,(anonymous_48)
FN:224,(anonymous_49)
FN:225,(anonymous_50)
FN:232,(anonymous_51)
FN:241,(anonymous_52)
FN:248,(anonymous_53)
FN:258,(anonymous_54)
FN:259,(anonymous_55)
FN:272,(anonymous_56)
FN:279,(anonymous_57)
FN:283,(anonymous_58)
FN:287,(anonymous_59)
FN:288,(anonymous_60)
FN:291,(anonymous_61)
FN:292,(anonymous_62)
FNF:63
FNH:63
FNDA:3076,(anonymous_0)
FNDA:365,(anonymous_1)
FNDA:11160,(anonymous_2)
FNDA:591,(anonymous_3)
FNDA:1197,(anonymous_4)
FNDA:1251,(anonymous_5)
FNDA:1242,(anonymous_6)
FNDA:2566,(anonymous_7)
FNDA:3,(anonymous_8)
FNDA:7,(anonymous_9)
FNDA:7,(anonymous_10)
FNDA:4,(anonymous_11)
FNDA:4,(anonymous_12)
FNDA:1233,(anonymous_13)
FNDA:13,(anonymous_14)
FNDA:10,(anonymous_15)
FNDA:9,(anonymous_16)
FNDA:7,(anonymous_17)
FNDA:7,(anonymous_18)
FNDA:1172,(anonymous_19)
FNDA:1,(anonymous_20)
FNDA:1,(anonymous_21)
FNDA:2560,(anonymous_22)
FNDA:1293,(anonymous_23)
FNDA:2466,(anonymous_24)
FNDA:100,(anonymous_25)
FNDA:100,(anonymous_26)
FNDA:52,(anonymous_27)
FNDA:52,(anonymous_28)
FNDA:1182,(anonymous_29)
FNDA:449,(anonymous_30)
FNDA:3,(anonymous_31)
FNDA:4,(anonymous_32)
FNDA:1184,(anonymous_33)
FNDA:12,(anonymous_34)
FNDA:31,(anonymous_35)
FNDA:621,(anonymous_36)
FNDA:619,(anonymous_37)
FNDA:2,(anonymous_38)
FNDA:10,(anonymous_39)
FNDA:7,(anonymous_40)
FNDA:4,(anonymous_41)
FNDA:4,(anonymous_42)
FNDA:491,(anonymous_43)
FNDA:491,(anonymous_44)
FNDA:5,(anonymous_45)
FNDA:5,(anonymous_46)
FNDA:12,(anonymous_47)
FNDA:12,(anonymous_48)
FNDA:13,(anonymous_49)
FNDA:29,(anonymous_50)
FNDA:8,(anonymous_51)
FNDA:17,(anonymous_52)
FNDA:4,(anonymous_53)
FNDA:618,(anonymous_54)
FNDA:1200,(anonymous_55)
FNDA:600,(anonymous_56)
FNDA:171,(anonymous_57)
FNDA:3,(anonymous_58)
FNDA:24,(anonymous_59)
FNDA:35,(anonymous_60)
FNDA:5,(anonymous_61)
FNDA:13,(anonymous_62)
DA:3,11
DA:4,3076
DA:7,11
DA:8,365
DA:11,11
DA:12,11160
DA:15,11
DA:16,591
DA:22,11
DA:23,1197
DA:28,11
DA:29,1251
DA:30,1114
DA:33,137
DA:34,137
DA:35,129
DA:37,137
DA:40,11
DA:41,1242
DA:44,11
DA:45,2566
DA:46,2563
DA:49,3
DA:50,1
DA:51,3
DA:55,2
DA:58,11
DA:59,7
DA:60,3
DA:63,4
DA:64,2
DA:65,7
DA:71,2
DA:74,11
DA:75,4
DA:76,4
DA:82,11
DA:83,1233
DA:84,108
DA:85,63
DA:88,11
DA:89,13
DA:90,13
DA:92,5
DA:98,11
DA:99,10
DA:100,9
DA:104,11
DA:105,7
DA:108,11
DA:109,7
DA:112,11
DA:113,1172
DA:116,11
DA:117,1
DA:122,11
DA:123,2560
DA:125,2559
DA:126,1293
DA:127,1292
DA:128,1291
DA:132,11
DA:133,2466
DA:135,2460
DA:137,2460
DA:138,1228
DA:141,1232
DA:143,1232
DA:146,11
DA:147,100
DA:148,100
DA:149,48
DA:152,52
DA:153,52
DA:154,52
DA:162,11
DA:163,1182
DA:164,449
DA:168,11
DA:169,3
DA:170,4
DA:174,11
DA:175,1184
DA:180,11
DA:181,12
DA:182,31
DA:186,11
DA:187,621
DA:188,619
DA:191,2
DA:193,2
DA:194,10
DA:197,7
DA:203,11
DA:204,4
DA:207,11
DA:208,491
DA:211,11
DA:212,5
DA:213,5
DA:217,11
DA:218,12
DA:219,12
DA:220,12
DA:224,11
DA:225,13
DA:226,29
DA:232,11
DA:233,8
DA:235,8
DA:236,1
DA:238,1
DA:241,7
DA:242,17
DA:248,11
DA:249,4
DA:251,3
DA:253,3
DA:255,1
DA:258,11
DA:259,618
DA:260,1200
DA:261,1200
DA:262,1191
DA:264,1185
DA:266,351
DA:267,284
DA:268,278
DA:269,276
DA:272,618
DA:273,600
DA:279,11
DA:280,171
DA:283,11
DA:284,3
DA:287,11
DA:288,35
DA:291,11
DA:292,13
DA:295,11
LF:140
LH:140
BRDA:4,0,0,3076
BRDA:4,0,1,3021
BRDA:16,1,0,591
BRDA:16,1,1,532
BRDA:16,1,2,295
BRDA:16,1,3,293
BRDA:23,2,0,1197
BRDA:23,2,1,120
BRDA:29,3,0,1114
BRDA:29,3,1,137
BRDA:45,4,0,2563
BRDA:45,4,1,3
BRDA:49,5,0,1
BRDA:49,5,1,2
BRDA:59,6,0,3
BRDA:59,6,1,4
BRDA:63,7,0,2
BRDA:63,7,1,2
BRDA:65,8,0,5
BRDA:65,8,1,2
BRDA:83,9,0,1125
BRDA:83,9,1,108
BRDA:84,10,0,45
BRDA:84,10,1,63
BRDA:92,11,0,1
BRDA:92,11,1,4
BRDA:98,12,0,9
BRDA:99,13,0,9
BRDA:99,13,1,1
BRDA:123,14,0,1
BRDA:123,14,1,2559
BRDA:125,15,0,1296
BRDA:125,15,1,1263
BRDA:126,16,0,1
BRDA:126,16,1,1292
BRDA:127,17,0,1
BRDA:127,17,1,1291
BRDA:133,18,0,6
BRDA:133,18,1,2460
BRDA:137,19,0,1228
BRDA:137,19,1,1232
BRDA:148,20,0,48
BRDA:148,20,1,52
BRDA:149,21,0,22
BRDA:149,21,1,26
BRDA:175,22,0,1179
BRDA:175,22,1,5
BRDA:187,23,0,619
BRDA:187,23,1,2
BRDA:235,24,0,1
BRDA:235,24,1,7
BRDA:249,25,0,1
BRDA:249,25,1,3
BRDA:253,26,0,2
BRDA:253,26,1,1
BRDA:260,27,0,0
BRDA:260,27,1,1200
BRDA:261,28,0,9
BRDA:261,28,1,1191
BRDA:262,29,0,6
BRDA:262,29,1,1185
BRDA:264,30,0,834
BRDA:264,30,1,351
BRDA:264,31,0,1185
BRDA:264,31,1,1069
BRDA:266,32,0,67
BRDA:266,32,1,284
BRDA:266,33,0,351
BRDA:266,33,1,102
BRDA:267,34,0,6
BRDA:267,34,1,278
BRDA:268,35,0,2
BRDA:268,35,1,276
BRDA:269,36,0,276
BRDA:269,36,1,0
BRF:75
BRH:73
end_of_record
